# JRE version: Java(TM) SE Runtime Environment (23.0.1+11) (build 23.0.1+11-39)
# Java VM: Java HotSpot(TM) 64-Bit Server VM (23.0.1+11-39, mixed mode, sharing, tiered, compressed oops, compressed class ptrs, parallel gc, windows-amd64)
GC Precious Log:
 CardTable entry size: 512
 CPUs: 12 total, 12 available
 Memory: 5996M
 Large Page Support: Disabled
 NUMA Support: Disabled
 Compressed Oops: Enabled (32-bit)
 Alignments: Space 512K, Generation 512K, Heap 2M
 Heap Min Capacity: 100M
 Heap Initial Capacity: 100M
 Heap Max Capacity: 1G
 Pre-touch: Disabled
 Parallel Workers: 10
Heap:
 PSYoungGen      total 40960K, used 39645K [0x00000000eab00000, 0x00000000ee600000, 0x0000000100000000)
  eden space 21504K, 97% used [0x00000000eab00000,0x00000000ebf772a8,0x00000000ec000000)
  from space 19456K, 96% used [0x00000000ed300000,0x00000000ee5402f8,0x00000000ee600000)
  to   space 19456K, 76% used [0x00000000ec000000,0x00000000ece88018,0x00000000ed300000)
 ParOldGen       total 339968K, used 339901K [0x00000000c0000000, 0x00000000d4c00000, 0x00000000eab00000)
  object space 339968K, 99% used [0x00000000c0000000,0x00000000d4bef6e0,0x00000000d4c00000)
 Metaspace       used 66922K, committed 68416K, reserved 1114112K
  class space    used 7205K, committed 7872K, reserved 1048576K
GC Heap History (20 events):
Event: 16.295 GC heap after
{Heap after GC invocations=82 (full 3):
 PSYoungGen      total 26112K, used 4954K [0x00000000eab00000, 0x00000000ecc00000, 0x0000000100000000)
  eden space 20992K, 0% used [0x00000000eab00000,0x00000000eab00000,0x00000000ebf80000)
  from space 5120K, 96% used [0x00000000ebf80000,0x00000000ec4569c0,0x00000000ec480000)
  to   space 6144K, 0% used [0x00000000ec600000,0x00000000ec600000,0x00000000ecc00000)
 ParOldGen       total 278528K, used 278480K [0x00000000c0000000, 0x00000000d1000000, 0x00000000eab00000)
  object space 278528K, 99% used [0x00000000c0000000,0x00000000d0ff4128,0x00000000d1000000)
 Metaspace       used 65280K, committed 66624K, reserved 1114112K
  class space    used 7036K, committed 7616K, reserved 1048576K
}
Event: 16.493 GC heap before
{Heap before GC invocations=83 (full 3):
 PSYoungGen      total 26112K, used 25923K [0x00000000eab00000, 0x00000000ecc00000, 0x0000000100000000)
  eden space 20992K, 99% used [0x00000000eab00000,0x00000000ebf7a2a8,0x00000000ebf80000)
  from space 5120K, 96% used [0x00000000ebf80000,0x00000000ec4569c0,0x00000000ec480000)
  to   space 6144K, 0% used [0x00000000ec600000,0x00000000ec600000,0x00000000ecc00000)
 ParOldGen       total 278528K, used 278480K [0x00000000c0000000, 0x00000000d1000000, 0x00000000eab00000)
  object space 278528K, 99% used [0x00000000c0000000,0x00000000d0ff4128,0x00000000d1000000)
 Metaspace       used 65345K, committed 66688K, reserved 1114112K
  class space    used 7042K, committed 7616K, reserved 1048576K
}
Event: 16.530 GC heap after
{Heap after GC invocations=83 (full 3):
 PSYoungGen      total 28160K, used 5041K [0x00000000eab00000, 0x00000000ecc00000, 0x0000000100000000)
  eden space 22016K, 0% used [0x00000000eab00000,0x00000000eab00000,0x00000000ec080000)
  from space 6144K, 82% used [0x00000000ec600000,0x00000000ecaec5c0,0x00000000ecc00000)
  to   space 5632K, 0% used [0x00000000ec080000,0x00000000ec080000,0x00000000ec600000)
 ParOldGen       total 283136K, used 282918K [0x00000000c0000000, 0x00000000d1480000, 0x00000000eab00000)
  object space 283136K, 99% used [0x00000000c0000000,0x00000000d14499b8,0x00000000d1480000)
 Metaspace       used 65345K, committed 66688K, reserved 1114112K
  class space    used 7042K, committed 7616K, reserved 1048576K
}
Event: 16.649 GC heap before
{Heap before GC invocations=84 (full 3):
 PSYoungGen      total 28160K, used 27006K [0x00000000eab00000, 0x00000000ecc00000, 0x0000000100000000)
  eden space 22016K, 99% used [0x00000000eab00000,0x00000000ec073350,0x00000000ec080000)
  from space 6144K, 82% used [0x00000000ec600000,0x00000000ecaec5c0,0x00000000ecc00000)
  to   space 5632K, 0% used [0x00000000ec080000,0x00000000ec080000,0x00000000ec600000)
 ParOldGen       total 283136K, used 282918K [0x00000000c0000000, 0x00000000d1480000, 0x00000000eab00000)
  object space 283136K, 99% used [0x00000000c0000000,0x00000000d14499b8,0x00000000d1480000)
 Metaspace       used 65347K, committed 66688K, reserved 1114112K
  class space    used 7042K, committed 7616K, reserved 1048576K
}
Event: 16.657 GC heap after
{Heap after GC invocations=84 (full 3):
 PSYoungGen      total 27648K, used 4096K [0x00000000eab00000, 0x00000000ecc00000, 0x0000000100000000)
  eden space 22016K, 0% used [0x00000000eab00000,0x00000000eab00000,0x00000000ec080000)
  from space 5632K, 72% used [0x00000000ec080000,0x00000000ec4800f8,0x00000000ec600000)
  to   space 4608K, 0% used [0x00000000ec780000,0x00000000ec780000,0x00000000ecc00000)
 ParOldGen       total 287744K, used 287734K [0x00000000c0000000, 0x00000000d1900000, 0x00000000eab00000)
  object space 287744K, 99% used [0x00000000c0000000,0x00000000d18fdba0,0x00000000d1900000)
 Metaspace       used 65347K, committed 66688K, reserved 1114112K
  class space    used 7042K, committed 7616K, reserved 1048576K
}
Event: 16.879 GC heap before
{Heap before GC invocations=85 (full 3):
 PSYoungGen      total 27648K, used 26112K [0x00000000eab00000, 0x00000000ecc00000, 0x0000000100000000)
  eden space 22016K, 100% used [0x00000000eab00000,0x00000000ec080000,0x00000000ec080000)
  from space 5632K, 72% used [0x00000000ec080000,0x00000000ec4800f8,0x00000000ec600000)
  to   space 4608K, 0% used [0x00000000ec780000,0x00000000ec780000,0x00000000ecc00000)
 ParOldGen       total 287744K, used 287734K [0x00000000c0000000, 0x00000000d1900000, 0x00000000eab00000)
  object space 287744K, 99% used [0x00000000c0000000,0x00000000d18fdba0,0x00000000d1900000)
 Metaspace       used 65377K, committed 66688K, reserved 1114112K
  class space    used 7045K, committed 7616K, reserved 1048576K
}
Event: 16.943 GC heap after
{Heap after GC invocations=85 (full 3):
 PSYoungGen      total 26624K, used 4596K [0x00000000eab00000, 0x00000000ecc00000, 0x0000000100000000)
  eden space 22016K, 0% used [0x00000000eab00000,0x00000000eab00000,0x00000000ec080000)
  from space 4608K, 99% used [0x00000000ec780000,0x00000000ecbfd2e8,0x00000000ecc00000)
  to   space 5632K, 0% used [0x00000000ec080000,0x00000000ec080000,0x00000000ec600000)
 ParOldGen       total 293376K, used 293179K [0x00000000c0000000, 0x00000000d1e80000, 0x00000000eab00000)
  object space 293376K, 99% used [0x00000000c0000000,0x00000000d1e4efa8,0x00000000d1e80000)
 Metaspace       used 65377K, committed 66688K, reserved 1114112K
  class space    used 7045K, committed 7616K, reserved 1048576K
}
Event: 17.029 GC heap before
{Heap before GC invocations=86 (full 3):
 PSYoungGen      total 26624K, used 26612K [0x00000000eab00000, 0x00000000ecc00000, 0x0000000100000000)
  eden space 22016K, 100% used [0x00000000eab00000,0x00000000ec080000,0x00000000ec080000)
  from space 4608K, 99% used [0x00000000ec780000,0x00000000ecbfd2e8,0x00000000ecc00000)
  to   space 5632K, 0% used [0x00000000ec080000,0x00000000ec080000,0x00000000ec600000)
 ParOldGen       total 293376K, used 293179K [0x00000000c0000000, 0x00000000d1e80000, 0x00000000eab00000)
  object space 293376K, 99% used [0x00000000c0000000,0x00000000d1e4efa8,0x00000000d1e80000)
 Metaspace       used 65392K, committed 66752K, reserved 1114112K
  class space    used 7045K, committed 7616K, reserved 1048576K
}
Event: 17.034 GC heap after
{Heap after GC invocations=86 (full 3):
 PSYoungGen      total 27648K, used 5624K [0x00000000eab00000, 0x00000000ed980000, 0x0000000100000000)
  eden space 22016K, 0% used [0x00000000eab00000,0x00000000eab00000,0x00000000ec080000)
  from space 5632K, 99% used [0x00000000ec080000,0x00000000ec5fe028,0x00000000ec600000)
  to   space 12800K, 0% used [0x00000000ecd00000,0x00000000ecd00000,0x00000000ed980000)
 ParOldGen       total 300032K, used 299556K [0x00000000c0000000, 0x00000000d2500000, 0x00000000eab00000)
  object space 300032K, 99% used [0x00000000c0000000,0x00000000d2489380,0x00000000d2500000)
 Metaspace       used 65392K, committed 66752K, reserved 1114112K
  class space    used 7045K, committed 7616K, reserved 1048576K
}
Event: 17.103 GC heap before
{Heap before GC invocations=87 (full 3):
 PSYoungGen      total 27648K, used 27640K [0x00000000eab00000, 0x00000000ed980000, 0x0000000100000000)
  eden space 22016K, 100% used [0x00000000eab00000,0x00000000ec080000,0x00000000ec080000)
  from space 5632K, 99% used [0x00000000ec080000,0x00000000ec5fe028,0x00000000ec600000)
  to   space 12800K, 0% used [0x00000000ecd00000,0x00000000ecd00000,0x00000000ed980000)
 ParOldGen       total 300032K, used 299556K [0x00000000c0000000, 0x00000000d2500000, 0x00000000eab00000)
  object space 300032K, 99% used [0x00000000c0000000,0x00000000d2489380,0x00000000d2500000)
 Metaspace       used 65481K, committed 66816K, reserved 1114112K
  class space    used 7049K, committed 7616K, reserved 1048576K
}
Event: 17.132 GC heap after
{Heap after GC invocations=87 (full 3):
 PSYoungGen      total 30720K, used 8463K [0x00000000eab00000, 0x00000000ed580000, 0x0000000100000000)
  eden space 22016K, 0% used [0x00000000eab00000,0x00000000eab00000,0x00000000ec080000)
  from space 8704K, 97% used [0x00000000ecd00000,0x00000000ed543e80,0x00000000ed580000)
  to   space 10240K, 0% used [0x00000000ec180000,0x00000000ec180000,0x00000000ecb80000)
 ParOldGen       total 305152K, used 305078K [0x00000000c0000000, 0x00000000d2a00000, 0x00000000eab00000)
  object space 305152K, 99% used [0x00000000c0000000,0x00000000d29edad8,0x00000000d2a00000)
 Metaspace       used 65481K, committed 66816K, reserved 1114112K
  class space    used 7049K, committed 7616K, reserved 1048576K
}
Event: 17.315 GC heap before
{Heap before GC invocations=88 (full 3):
 PSYoungGen      total 30720K, used 30479K [0x00000000eab00000, 0x00000000ed580000, 0x0000000100000000)
  eden space 22016K, 100% used [0x00000000eab00000,0x00000000ec080000,0x00000000ec080000)
  from space 8704K, 97% used [0x00000000ecd00000,0x00000000ed543e80,0x00000000ed580000)
  to   space 10240K, 0% used [0x00000000ec180000,0x00000000ec180000,0x00000000ecb80000)
 ParOldGen       total 305152K, used 305078K [0x00000000c0000000, 0x00000000d2a00000, 0x00000000eab00000)
  object space 305152K, 99% used [0x00000000c0000000,0x00000000d29edad8,0x00000000d2a00000)
 Metaspace       used 65653K, committed 67072K, reserved 1114112K
  class space    used 7078K, committed 7680K, reserved 1048576K
}
Event: 17.327 GC heap after
{Heap after GC invocations=88 (full 3):
 PSYoungGen      total 28672K, used 6259K [0x00000000eab00000, 0x00000000ecf80000, 0x0000000100000000)
  eden space 22016K, 0% used [0x00000000eab00000,0x00000000eab00000,0x00000000ec080000)
  from space 6656K, 94% used [0x00000000ec180000,0x00000000ec79cc30,0x00000000ec800000)
  to   space 7680K, 0% used [0x00000000ec800000,0x00000000ec800000,0x00000000ecf80000)
 ParOldGen       total 313344K, used 313120K [0x00000000c0000000, 0x00000000d3200000, 0x00000000eab00000)
  object space 313344K, 99% used [0x00000000c0000000,0x00000000d31c83a8,0x00000000d3200000)
 Metaspace       used 65653K, committed 67072K, reserved 1114112K
  class space    used 7078K, committed 7680K, reserved 1048576K
}
Event: 17.505 GC heap before
{Heap before GC invocations=89 (full 3):
 PSYoungGen      total 28672K, used 28275K [0x00000000eab00000, 0x00000000ecf80000, 0x0000000100000000)
  eden space 22016K, 100% used [0x00000000eab00000,0x00000000ec080000,0x00000000ec080000)
  from space 6656K, 94% used [0x00000000ec180000,0x00000000ec79cc30,0x00000000ec800000)
  to   space 7680K, 0% used [0x00000000ec800000,0x00000000ec800000,0x00000000ecf80000)
 ParOldGen       total 313344K, used 313120K [0x00000000c0000000, 0x00000000d3200000, 0x00000000eab00000)
  object space 313344K, 99% used [0x00000000c0000000,0x00000000d31c83a8,0x00000000d3200000)
 Metaspace       used 66310K, committed 67712K, reserved 1114112K
  class space    used 7148K, committed 7744K, reserved 1048576K
}
Event: 17.511 GC heap after
{Heap after GC invocations=89 (full 3):
 PSYoungGen      total 29184K, used 7484K [0x00000000eab00000, 0x00000000ed080000, 0x0000000100000000)
  eden space 21504K, 0% used [0x00000000eab00000,0x00000000eab00000,0x00000000ec000000)
  from space 7680K, 97% used [0x00000000ec800000,0x00000000ecf4f390,0x00000000ecf80000)
  to   space 8192K, 0% used [0x00000000ec000000,0x00000000ec000000,0x00000000ec800000)
 ParOldGen       total 318976K, used 318953K [0x00000000c0000000, 0x00000000d3780000, 0x00000000eab00000)
  object space 318976K, 99% used [0x00000000c0000000,0x00000000d377a428,0x00000000d3780000)
 Metaspace       used 66310K, committed 67712K, reserved 1114112K
  class space    used 7148K, committed 7744K, reserved 1048576K
}
Event: 17.807 GC heap before
{Heap before GC invocations=90 (full 3):
 PSYoungGen      total 29184K, used 28988K [0x00000000eab00000, 0x00000000ed080000, 0x0000000100000000)
  eden space 21504K, 100% used [0x00000000eab00000,0x00000000ec000000,0x00000000ec000000)
  from space 7680K, 97% used [0x00000000ec800000,0x00000000ecf4f390,0x00000000ecf80000)
  to   space 8192K, 0% used [0x00000000ec000000,0x00000000ec000000,0x00000000ec800000)
 ParOldGen       total 318976K, used 318953K [0x00000000c0000000, 0x00000000d3780000, 0x00000000eab00000)
  object space 318976K, 99% used [0x00000000c0000000,0x00000000d377a428,0x00000000d3780000)
 Metaspace       used 66894K, committed 68352K, reserved 1114112K
  class space    used 7205K, committed 7872K, reserved 1048576K
}
Event: 17.816 GC heap after
{Heap after GC invocations=90 (full 3):
 PSYoungGen      total 29696K, used 8175K [0x00000000eab00000, 0x00000000ee600000, 0x0000000100000000)
  eden space 21504K, 0% used [0x00000000eab00000,0x00000000eab00000,0x00000000ec000000)
  from space 8192K, 99% used [0x00000000ec000000,0x00000000ec7fbe28,0x00000000ec800000)
  to   space 19456K, 0% used [0x00000000ed300000,0x00000000ed300000,0x00000000ee600000)
 ParOldGen       total 328704K, used 328205K [0x00000000c0000000, 0x00000000d4100000, 0x00000000eab00000)
  object space 328704K, 99% used [0x00000000c0000000,0x00000000d4083740,0x00000000d4100000)
 Metaspace       used 66894K, committed 68352K, reserved 1114112K
  class space    used 7205K, committed 7872K, reserved 1048576K
}
Event: 18.144 GC heap before
{Heap before GC invocations=91 (full 3):
 PSYoungGen      total 29696K, used 29679K [0x00000000eab00000, 0x00000000ee600000, 0x0000000100000000)
  eden space 21504K, 100% used [0x00000000eab00000,0x00000000ec000000,0x00000000ec000000)
  from space 8192K, 99% used [0x00000000ec000000,0x00000000ec7fbe28,0x00000000ec800000)
  to   space 19456K, 0% used [0x00000000ed300000,0x00000000ed300000,0x00000000ee600000)
 ParOldGen       total 328704K, used 328205K [0x00000000c0000000, 0x00000000d4100000, 0x00000000eab00000)
  object space 328704K, 99% used [0x00000000c0000000,0x00000000d4083740,0x00000000d4100000)
 Metaspace       used 66903K, committed 68416K, reserved 1114112K
  class space    used 7205K, committed 7872K, reserved 1048576K
}
Event: 18.160 GC heap after
{Heap after GC invocations=91 (full 3):
 PSYoungGen      total 40960K, used 18688K [0x00000000eab00000, 0x00000000ee600000, 0x0000000100000000)
  eden space 21504K, 0% used [0x00000000eab00000,0x00000000eab00000,0x00000000ec000000)
  from space 19456K, 96% used [0x00000000ed300000,0x00000000ee5402f8,0x00000000ee600000)
  to   space 19456K, 0% used [0x00000000ec000000,0x00000000ec000000,0x00000000ed300000)
 ParOldGen       total 332800K, used 332691K [0x00000000c0000000, 0x00000000d4500000, 0x00000000eab00000)
  object space 332800K, 99% used [0x00000000c0000000,0x00000000d44e4e90,0x00000000d4500000)
 Metaspace       used 66903K, committed 68416K, reserved 1114112K
  class space    used 7205K, committed 7872K, reserved 1048576K
}
Event: 18.722 GC heap before
{Heap before GC invocations=92 (full 3):
 PSYoungGen      total 40960K, used 39645K [0x00000000eab00000, 0x00000000ee600000, 0x0000000100000000)
  eden space 21504K, 97% used [0x00000000eab00000,0x00000000ebf772a8,0x00000000ec000000)
  from space 19456K, 96% used [0x00000000ed300000,0x00000000ee5402f8,0x00000000ee600000)
  to   space 19456K, 0% used [0x00000000ec000000,0x00000000ec000000,0x00000000ed300000)
 ParOldGen       total 332800K, used 332691K [0x00000000c0000000, 0x00000000d4500000, 0x00000000eab00000)
  object space 332800K, 99% used [0x00000000c0000000,0x00000000d44e4e90,0x00000000d4500000)
 Metaspace       used 66922K, committed 68416K, reserved 1114112K
  class space    used 7205K, committed 7872K, reserved 1048576K
}

